SF:lib/core/utils/get_typed_list.dart
DA:13,2
DA:18,6
DA:19,2
LF:3
LH:3
end_of_record
SF:lib/modules/search/data/repository/search_repository.dart
DA:7,0
DA:9,0
DA:10,0
DA:16,1
DA:18,1
DA:19,2
LF:6
LH:3
end_of_record
SF:lib/modules/search/data/repository/search_repository.g.dart
DA:9,0
DA:13,3
LF:2
LH:1
end_of_record
SF:lib/modules/search/domain/flights_model.dart
DA:18,1
DA:19,1
LF:2
LH:2
end_of_record
SF:lib/modules/search/domain/flights_model.g.dart
DA:9,1
DA:10,1
DA:11,1
DA:12,1
DA:13,1
DA:14,1
DA:15,1
DA:16,1
DA:17,1
DA:20,0
DA:21,0
DA:22,0
DA:23,0
DA:24,0
DA:25,0
DA:26,0
DA:27,0
DA:28,0
LF:18
LH:9
end_of_record
SF:lib/modules/search/presentation/providers/flights_provider.dart
DA:9,0
DA:11,0
DA:14,0
DA:16,0
DA:17,0
LF:5
LH:0
end_of_record
SF:lib/modules/search/presentation/providers/flights_provider.g.dart
DA:9,0
DA:13,2
DA:14,1
LF:3
LH:2
end_of_record
SF:lib/core/resource/resource.dart
DA:5,0
LF:1
LH:0
end_of_record
SF:lib/modules/search/data/data_source/fake_data.dart
DA:3,3
DA:4,1
DA:5,1
DA:14,1
DA:23,1
DA:32,1
DA:41,1
DA:50,1
DA:59,1
DA:68,1
DA:77,1
DA:86,1
LF:12
LH:12
end_of_record
SF:lib/modules/search/data/data_source/search_data_source.dart
DA:8,0
DA:10,0
DA:14,0
DA:16,0
DA:17,0
DA:18,0
DA:23,0
LF:7
LH:0
end_of_record
SF:lib/modules/search/data/data_source/search_data_source.g.dart
DA:9,0
DA:13,0
LF:2
LH:0
end_of_record
